Performing system checks...

System check identified no issues (0 silenced).
December 09, 2014 - 19:59:03
Django version 1.7, using settings 'MediaMonitor.settings'
Starting development server at http://0.0.0.0:8008/
Quit the server with CONTROL-C.
Performing system checks...

System check identified no issues (0 silenced).
December 09, 2014 - 20:22:30
Django version 1.7, using settings 'MediaMonitor.settings'
Starting development server at http://0.0.0.0:8008/
Quit the server with CONTROL-C.
Performing system checks...

System check identified no issues (0 silenced).
December 15, 2014 - 16:32:55
Django version 1.7, using settings 'MediaMonitor.settings'
Starting development server at http://0.0.0.0:8008/
Quit the server with CONTROL-C.
----------------------------------------
Exception happened during processing of request from ('83.144.124.182', 35257)
----------------------------------------
Performing system checks...

System check identified no issues (0 silenced).
December 20, 2014 - 20:41:24
Django version 1.7, using settings 'MediaMonitor.settings'
Starting development server at http://0.0.0.0:8008/
Quit the server with CONTROL-C.
Performing system checks...

System check identified no issues (0 silenced).
December 20, 2014 - 20:48:31
Django version 1.7, using settings 'MediaMonitor.settings'
Starting development server at http://0.0.0.0:8008/
Quit the server with CONTROL-C.
Performing system checks...

System check identified no issues (0 silenced).
December 20, 2014 - 20:51:27
Django version 1.7, using settings 'MediaMonitor.settings'
Starting development server at http://0.0.0.0:8008/
Quit the server with CONTROL-C.
Performing system checks...

System check identified no issues (0 silenced).
December 20, 2014 - 20:51:30
Django version 1.7, using settings 'MediaMonitor.settings'
Starting development server at http://0.0.0.0:8008/
Quit the server with CONTROL-C.
Performing system checks...

System check identified no issues (0 silenced).
December 22, 2014 - 01:16:37
Django version 1.7, using settings 'MediaMonitor.settings'
Starting development server at http://0.0.0.0:8008/
Quit the server with CONTROL-C.
Performing system checks...

System check identified no issues (0 silenced).
December 22, 2014 - 01:17:11
Django version 1.7, using settings 'MediaMonitor.settings'
Starting development server at http://0.0.0.0:8008/
Quit the server with CONTROL-C.
